<?xml version="1.0" encoding="UTF-8"?>
<testsuite name="direct.dynobj.DynamicObjectUsecaseTest" tests="1" skipped="0" failures="0" errors="0" timestamp="2017-02-05T11:24:30" hostname="dssbUbuntu" time="0.053">
  <properties/>
  <testcase name="testFromMaps" classname="direct.dynobj.DynamicObjectUsecaseTest" time="0.053"/>
  <system-out><![CDATA[]]></system-out>
  <system-err><![CDATA[]]></system-err>
</testsuite>
