<?xml version="1.0" encoding="UTF-8"?>
<testsuite name="direct.dynobj.DynamicObjectSpecificationTest" tests="7" skipped="0" failures="0" errors="0" timestamp="2017-02-05T11:24:29" hostname="dssbUbuntu" time="0.016">
  <properties/>
  <testcase name="testErrorMessage" classname="direct.dynobj.DynamicObjectSpecificationTest" time="0.003"/>
  <testcase name="testDynamicObject" classname="direct.dynobj.DynamicObjectSpecificationTest" time="0.004"/>
  <testcase name="testMultipleInterfaces" classname="direct.dynobj.DynamicObjectSpecificationTest" time="0.003"/>
  <testcase name="testReturnNormalValue" classname="direct.dynobj.DynamicObjectSpecificationTest" time="0.001"/>
  <testcase name="testPrimitiveTypes" classname="direct.dynobj.DynamicObjectSpecificationTest" time="0.002"/>
  <testcase name="testNullValue" classname="direct.dynobj.DynamicObjectSpecificationTest" time="0.001"/>
  <testcase name="testNoValue" classname="direct.dynobj.DynamicObjectSpecificationTest" time="0.0"/>
  <system-out><![CDATA[]]></system-out>
  <system-err><![CDATA[]]></system-err>
</testsuite>
